==16597== Memcheck, a memory error detector
==16597== Copyright (C) 2002-2017, and GNU GPL'd, by Julian Seward et al.
==16597== Using Valgrind-3.13.0 and LibVEX; rerun with -h for copyright info
==16597== Command: target/release/runtime
==16597== 
Scripts directory: scripts/
Data directory: data/
Hello World!
Running Platformer Rust for 10 seconds...
Cleaning resources...
Cleaned all the assets. Waiting for 30 seconds...
==16597== Invalid free() / delete / delete[] / realloc()
==16597==    at 0x4C30D3B: free (in /usr/lib/valgrind/vgpreload_memcheck-amd64-linux.so)
==16597==    by 0x81854CF: ??? (in /usr/lib/x86_64-linux-gnu/libopenal.so.1.18.2)
==16597==    by 0x81751FC: ??? (in /usr/lib/x86_64-linux-gnu/libopenal.so.1.18.2)
==16597==    by 0x4010B72: _dl_fini (dl-fini.c:138)
==16597==    by 0x5F02040: __run_exit_handlers (exit.c:108)
==16597==    by 0x5F02139: exit (exit.c:139)
==16597==    by 0x5EE0B9D: (below main) (libc-start.c:344)
==16597==  Address 0xb216000 is in a rw- anonymous segment
==16597== 
==16597== 
==16597== HEAP SUMMARY:
==16597==     in use at exit: 43,977 bytes in 414 blocks
==16597==   total heap usage: 141,708 allocs, 141,295 frees, 4,256,474,068 bytes allocated
==16597== 
==16597== LEAK SUMMARY:
==16597==    definitely lost: 0 bytes in 0 blocks
==16597==    indirectly lost: 0 bytes in 0 blocks
==16597==      possibly lost: 0 bytes in 0 blocks
==16597==    still reachable: 43,977 bytes in 414 blocks
==16597==         suppressed: 0 bytes in 0 blocks
==16597== Rerun with --leak-check=full to see details of leaked memory
==16597== 
==16597== For counts of detected and suppressed errors, rerun with: -v
==16597== ERROR SUMMARY: 1 errors from 1 contexts (suppressed: 0 from 0)
